IQ-TREE multicore version 2.0.3 for Linux 64-bit built Apr 26 2020
Developed by Bui Quang Minh, Nguyen Lam Tung, Olga Chernomor,
Heiko Schmidt, Dominik Schrempf, Michael Woodhams.

Host:    Gehenna (AVX, 7 GB RAM)
Command: iqtree -s ./temp/fasta.fasta -B 1000 -redo
Seed:    169820 (Using SPRNG - Scalable Parallel Random Number Generator)
Time:    Fri Jul 17 04:08:23 2020
Kernel:  AVX - 1 threads (4 CPU cores detected)

HINT: Use -nt option to specify number of threads because your CPU has 4 cores!
HINT: -nt AUTO will automatically determine the best number of threads to use.

Reading alignment file ./temp/fasta.fasta ... Fasta format detected
Alignment most likely contains protein sequences
Alignment has 9 sequences with 107 columns, 62 distinct patterns
15 parsimony-informative, 28 singleton sites, 63 constant sites
                Gap/Ambiguity  Composition  p-value
   1  NP_477164.1       1.87%    passed     99.32%
   2  XP_024245566.1    2.80%    passed    100.00%
   3  NP_061820.1       1.87%    passed    100.00%
   4  NP_001065289.1    1.87%    passed    100.00%
   5  AEP27192.1        1.87%    passed    100.00%
   6  NP_001086101.1    1.87%    passed     98.91%
   7  NP_001072946.1    1.87%    passed    100.00%
   8  NP_001157486.1    1.87%    passed    100.00%
   9  NP_001183974.1    1.87%    passed    100.00%
****  TOTAL             1.97%  0 sequences failed composition chi2 test (p-value<5%; df=19)
NOTE: NP_001065289.1 is identical to NP_061820.1 but kept for subsequent analysis
NOTE: 1 identical sequences (see below) will be ignored for subsequent analysis
NOTE: AEP27192.1 (identical to NP_061820.1) is ignored but added at the end
Alignment was printed to ./temp/fasta.fasta.uniqueseq.phy

For your convenience alignment with unique sequences printed to ./temp/fasta.fasta.uniqueseq.phy

NOTE: Restoring information from model checkpoint file ./temp/fasta.fasta.model.gz
ERROR: alignment.cpp:75: std::__cxx11::string& Alignment::getSeqName(int): Assertion `i >= 0 && i < (int)seq_names.size()' failed.
ERROR: STACK TRACE FOR DEBUGGING:
ERROR: 1   funcAbort()
ERROR: 2   ()
ERROR: 3   gsignal()
ERROR: 4   abort()
ERROR: 5   ()
ERROR: 6   ()
ERROR: 7   PhyloTree::assignLeafNames(Node*, Node*)
ERROR: 8   PhyloTree::assignLeafNames(Node*, Node*)
ERROR: 9   PhyloTree::assignLeafNames(Node*, Node*)
ERROR: 10   PhyloTree::assignLeafNames(Node*, Node*)
ERROR: 11   PhyloTree::assignLeafNames(Node*, Node*)
ERROR: 12   PhyloTree::assignLeafNames(Node*, Node*)
ERROR: 13   PhyloTree::assignLeafNames(Node*, Node*)
ERROR: 14   PhyloTree::assignLeafNames(Node*, Node*)
ERROR: 15   PhyloTree::assignLeafNames(Node*, Node*)
ERROR: 16   PhyloTree::assignLeafNames(Node*, Node*)
ERROR: 17   PhyloTree::assignLeafNames(Node*, Node*)
ERROR: 18   PhyloTree::readTreeString(std::__cxx11::basic_string<char, std::char_traits<char>, std::allocator<char> > const&)
ERROR: 19   PhyloTree::restoreCheckpoint()
ERROR: 20   IQTree::restoreCheckpoint()
ERROR: 21   runModelFinder(Params&, IQTree&, ModelCheckpoint&)
ERROR: 22   startTreeReconstruction(Params&, IQTree*&, ModelCheckpoint&)
ERROR: 23   runPhyloAnalysis(Params&, Checkpoint*)
ERROR: 24   main()
ERROR: 25   __libc_start_main()
ERROR: 26   ()
ERROR: 
ERROR: *** IQ-TREE CRASHES WITH SIGNAL ABORTED
ERROR: *** For bug report please send to developers:
ERROR: ***    Log file: ./temp/fasta.fasta.log
ERROR: ***    Alignment files (if possible)
